<?xml version="1.0" encoding="UTF-8"?>
<!-- Generated by org.testng.reporters.JUnitXMLReporter -->
<testsuite ignored="0" hostname="REMIDW-TEOUQMID" failures="1" tests="3" name="Signup" time="0.126" errors="0" timestamp="2023-04-21T17:26:15 IST">
  <testcase classname="practies.Parameterization" name="getDetails" time="0.0">
    <failure type="org.testng.TestNGException" message="
Parameter &amp;apos;Browser&amp;apos; is required by @Test on method getDetails but has not been marked @Optional or defined
in C:\Users\Administrator\eclipse-workspace\SeleniumBasics\Parameterstestng.xml">
      <![CDATA[org.testng.TestNGException: 
Parameter 'Browser' is required by @Test on method getDetails but has not been marked @Optional or defined
in C:\Users\Administrator\eclipse-workspace\SeleniumBasics\Parameterstestng.xml
at java.base/java.util.ArrayList.forEach(ArrayList.java:1511)
... Removed 26 stack frames]]>
    </failure>
  </testcase> <!-- getDetails -->
  <testcase classname="practies.Parameterization" name="setDetails" time="0.008"/>
  <testcase classname="practies.Parameterization" name="login" time="0.005"/>
</testsuite> <!-- Signup -->
